FINMA-1
FINMA-2
FINMA-3
FINMA-4
FINMA-5
FINMA-6
FJULIA-1
FJULIA-2
FJULIA-3
FJULIA-4
FLOURDES-1
FLOURDES-2
FLOURDES-3
FLOURDES-4
FLOURDES-5
FLOURDES-6
FTERESA-2
FTERESA-3
FTERESA-4
FTERESA-5
MASES-1
MASES-2
MASES-3
MASES-4
MASES-5
MBERNIZ-1
MBERNIZ-2
MBERNIZ-3
MBERNIZ-4
MBERNIZ-5
MBERNIZ-6
MBERNIZ-7
MBERNIZ-8
MDAVID-1
MDAVID-2
MDAVID-3
MDAVID-4
MDAVID-5
MDAVID-6
MDAVID-7
MFLURI-1
MFLURI-2
MFLURI-3
MFLURI-4
MFLURI-5
MJCRISTO-1
MJCRISTO-2
MJCRISTO-3
MJCRISTO-4
MJCRISTO-5
MLFRANCO-1
MLFRANCO-2
MLFRANCO-3
MLFRANCO-4
MLFRANCO-5
MPABLO-1
MPABLO-2
MPABLO-3
MPABLO-4
MQUERU-1
MQUERU-2
MRUBIO-1
MRUBIO-2
MRUBIO-3
MRUBIO-4
